Using pre-set license
Built from '2022.3/release' branch; Version is '2022.3.18f1 (d29bea25151d) revision 13802474'; Using compiler version '192829333'; Build Type 'Release'
OS: 'Windows 11  (10.0.22621) 64bit Core' Language: 'en' Physical Memory: 32405 MB
BatchMode: 1, IsHumanControllingUs: 0, StartBugReporterOnCrash: 0, Is64bit: 1, IsPro: 1

COMMAND LINE ARGUMENTS:
D:\Unity\2022.3.18f1\Editor\Unity.exe
-adb2
-batchMode
-noUpm
-name
AssetImportWorker3
-projectPath
D:/Games/My project
-logFile
Logs/AssetImportWorker3.log
-srvPort
62043
Successfully changed project path to: D:/Games/My project
D:/Games/My project
[UnityMemory] Configuration Parameters - Can be set up in boot.config
    "memorysetup-bucket-allocator-granularity=16"
    "memorysetup-bucket-allocator-bucket-count=8"
    "memorysetup-bucket-allocator-block-size=33554432"
    "memorysetup-bucket-allocator-block-count=8"
    "memorysetup-main-allocator-block-size=16777216"
    "memorysetup-thread-allocator-block-size=16777216"
    "memorysetup-gfx-main-allocator-block-size=16777216"
    "memorysetup-gfx-thread-allocator-block-size=16777216"
    "memorysetup-cache-allocator-block-size=4194304"
    "memorysetup-typetree-allocator-block-size=2097152"
    "memorysetup-profiler-bucket-allocator-granularity=16"
    "memorysetup-profiler-bucket-allocator-bucket-count=8"
    "memorysetup-profiler-bucket-allocator-block-size=33554432"
    "memorysetup-profiler-bucket-allocator-block-count=8"
    "memorysetup-profiler-allocator-block-size=16777216"
    "memorysetup-profiler-editor-allocator-block-size=1048576"
    "memorysetup-temp-allocator-size-main=16777216"
    "memorysetup-job-temp-allocator-block-size=2097152"
    "memorysetup-job-temp-allocator-block-size-background=1048576"
    "memorysetup-job-temp-allocator-reduction-small-platforms=262144"
    "memorysetup-allocator-temp-initial-block-size-main=262144"
    "memorysetup-allocator-temp-initial-block-size-worker=262144"
    "memorysetup-temp-allocator-size-background-worker=32768"
    "memorysetup-temp-allocator-size-job-worker=262144"
    "memorysetup-temp-allocator-size-preload-manager=33554432"
    "memorysetup-temp-allocator-size-nav-mesh-worker=65536"
    "memorysetup-temp-allocator-size-audio-worker=65536"
    "memorysetup-temp-allocator-size-cloud-worker=32768"
    "memorysetup-temp-allocator-size-gi-baking-worker=262144"
    "memorysetup-temp-allocator-size-gfx=262144"
Player connection [18552] Host "[IP] 192.168.1.9 [Port] 0 [Flags] 2 [Guid] 2950989960 [EditorId] 2950989960 [Version] 1048832 [Id] WindowsEditor(7,LAPTOP-VKF7SSHG) [Debug] 1 [PackageName] WindowsEditor [ProjectName] Editor" joined multi-casting on [225.0.0.222:54997]...

Player connection [18552] Host "[IP] 192.168.1.9 [Port] 0 [Flags] 2 [Guid] 2950989960 [EditorId] 2950989960 [Version] 1048832 [Id] WindowsEditor(7,LAPTOP-VKF7SSHG) [Debug] 1 [PackageName] WindowsEditor [ProjectName] Editor" joined alternative multi-casting on [225.0.0.222:34997]...

[Physics::Module] Initialized MultithreadedJobDispatcher with 15 workers.
Refreshing native plugins compatible for Editor in 8.49 ms, found 4 plugins.
Preloading 0 native plugins for Editor in 0.00 ms.
Initialize engine version: 2022.3.18f1 (d29bea25151d)
[Subsystems] Discovering subsystems at path D:/Unity/2022.3.18f1/Editor/Data/Resources/UnitySubsystems
[Subsystems] Discovering subsystems at path D:/Games/My project/Assets
GfxDevice: creating device client; threaded=0; jobified=0
Direct3D:
    Version:  Direct3D 11.0 [level 11.1]
    Renderer: NVIDIA GeForce RTX 3060 Laptop GPU (ID=0x2520)
    Vendor:   NVIDIA
    VRAM:     5996 MB
    Driver:   31.0.15.5123
Initialize mono
Mono path[0] = 'D:/Unity/2022.3.18f1/Editor/Data/Managed'
Mono path[1] = 'D:/Unity/2022.3.18f1/Editor/Data/MonoBleedingEdge/lib/mono/unityjit-win32'
Mono config path = 'D:/Unity/2022.3.18f1/Editor/Data/MonoBleedingEdge/etc'
Using monoOptions --debugger-agent=transport=dt_socket,embedding=1,server=y,suspend=n,address=127.0.0.1:56040
Begin MonoManager ReloadAssembly
Registering precompiled unity dll's ...
Register platform support module: D:/Unity/2022.3.18f1/Editor/Data/PlaybackEngines/WebGLSupport/UnityEditor.WebGL.Extensions.dll
Register platform support module: D:/Unity/2022.3.18f1/Editor/Data/PlaybackEngines/WindowsStandaloneSupport/UnityEditor.WindowsStandalone.Extensions.dll
Registered in 0.003276 seconds.
- Loaded All Assemblies, in  0.441 seconds
Native extension for WindowsStandalone target not found
Native extension for WebGL target not found
Mono: successfully reloaded assembly
- Finished resetting the current domain, in  0.217 seconds
Domain Reload Profiling: 659ms
	BeginReloadAssembly (176ms)
		ExecutionOrderSort (0ms)
		DisableScriptedObjects (0ms)
		BackupInstance (0ms)
		ReleaseScriptingObjects (0ms)
		CreateAndSetChildDomain (1ms)
	RebuildCommonClasses (40ms)
	RebuildNativeTypeToScriptingClass (9ms)
	initialDomainReloadingComplete (47ms)
	LoadAllAssembliesAndSetupDomain (168ms)
		LoadAssemblies (177ms)
		RebuildTransferFunctionScriptingTraits (0ms)
		AnalyzeDomain (164ms)
			TypeCache.Refresh (163ms)
				TypeCache.ScanAssembly (146ms)
			ScanForSourceGeneratedMonoScriptInfo (0ms)
			ResolveRequiredComponents (0ms)
	FinalizeReload (218ms)
		ReleaseScriptCaches (0ms)
		RebuildScriptCaches (0ms)
		SetupLoadedEditorAssemblies (171ms)
			LogAssemblyErrors (0ms)
			InitializePlatformSupportModulesInManaged (7ms)
			SetLoadedEditorAssemblies (4ms)
			RefreshPlugins (0ms)
			BeforeProcessingInitializeOnLoad (2ms)
			ProcessInitializeOnLoadAttributes (120ms)
			ProcessInitializeOnLoadMethodAttributes (39ms)
			AfterProcessingInitializeOnLoad (0ms)
			EditorAssembliesLoaded (0ms)
		ExecutionOrderSort2 (0ms)
		AwakeInstancesAfterBackupRestoration (0ms)
========================================================================
Worker process is ready to serve import requests
Begin MonoManager ReloadAssembly
- Loaded All Assemblies, in  0.693 seconds
Refreshing native plugins compatible for Editor in 2.79 ms, found 4 plugins.
Native extension for WindowsStandalone target not found
Native extension for WebGL target not found
Package Manager log level set to [2]
[Package Manager] Server::EnsureServerProcessIsRunning -- launch failed, reason: Unity was launched with the -noUpm command-line argument
[Package Manager] UpmClient::Send -- Unable to send message (not connected to UPM process).
[Package Manager] Cannot connect to Unity Package Manager local server
Mono: successfully reloaded assembly
- Finished resetting the current domain, in  0.507 seconds
Domain Reload Profiling: 1200ms
	BeginReloadAssembly (154ms)
		ExecutionOrderSort (0ms)
		DisableScriptedObjects (5ms)
		BackupInstance (0ms)
		ReleaseScriptingObjects (0ms)
		CreateAndSetChildDomain (19ms)
	RebuildCommonClasses (36ms)
	RebuildNativeTypeToScriptingClass (12ms)
	initialDomainReloadingComplete (31ms)
	LoadAllAssembliesAndSetupDomain (460ms)
		LoadAssemblies (344ms)
		RebuildTransferFunctionScriptingTraits (0ms)
		AnalyzeDomain (210ms)
			TypeCache.Refresh (180ms)
				TypeCache.ScanAssembly (161ms)
			ScanForSourceGeneratedMonoScriptInfo (26ms)
			ResolveRequiredComponents (4ms)
	FinalizeReload (507ms)
		ReleaseScriptCaches (0ms)
		RebuildScriptCaches (0ms)
		SetupLoadedEditorAssemblies (388ms)
			LogAssemblyErrors (0ms)
			InitializePlatformSupportModulesInManaged (4ms)
			SetLoadedEditorAssemblies (4ms)
			RefreshPlugins (0ms)
			BeforeProcessingInitializeOnLoad (48ms)
			ProcessInitializeOnLoadAttributes (305ms)
			ProcessInitializeOnLoadMethodAttributes (26ms)
			AfterProcessingInitializeOnLoad (1ms)
			EditorAssembliesLoaded (0ms)
		ExecutionOrderSort2 (0ms)
		AwakeInstancesAfterBackupRestoration (5ms)
Launched and connected shader compiler UnityShaderCompiler.exe after 0.05 seconds
Refreshing native plugins compatible for Editor in 6.01 ms, found 4 plugins.
Preloading 0 native plugins for Editor in 0.00 ms.
Unloading 4018 Unused Serialized files (Serialized files now loaded: 0)
Unloading 70 unused Assets / (244.5 KB). Loaded Objects now: 4473.
Memory consumption went from 145.0 MB to 144.8 MB.
Total: 4.948600 ms (FindLiveObjects: 0.501900 ms CreateObjectMapping: 0.530400 ms MarkObjects: 3.701400 ms  DeleteObjects: 0.211100 ms)

AssetImportParameters requested are different than current active one (requested -> active):
  custom:container-demuxer-ogg: 62fdf1f143b41e24485cea50d1cbac27 -> 
  custom:video-codec-MediaFoundation-h265: 746d11721c4dcdbdad8f713fa42b33f4 -> 
  custom:video-decoder-ogg-theora: a1e56fd34408186e4bbccfd4996cb3dc -> 
  custom:framework-win-MediaFoundation: 216162199b28c13a410421893ffa2e32 -> 
  custom:CustomObjectIndexerAttribute: 6d391050e5a25f67b0a2c618074f2cd9 -> 
  custom:container-demuxer-webm: 4f35f7cbe854078d1ac9338744f61a02 -> 
  custom:container-muxer-webm: aa71ff27fc2769a1b78a27578f13a17b -> 
  custom:video-decoder-webm-vp8: 9c59270c3fd7afecdb556c50c9e8de78 -> 
  custom:SearchIndexIgnoredProperties: e643bd26f0fe6173181afceb89e7c659 -> 
  custom:AudioImporter_EditorPlatform: d09bf68614088b80899f8185d706f6e7 -> 
  custom:video-encoder-webm-vp8: eb34c28f22e8b96e1ab97ce403110664 -> 
  custom:audio-decoder-ogg-vorbis: bf7c407c2cedff20999df2af8eb42d56 -> 
  custom:audio-encoder-webm-vorbis: bf7c407c2cedff20999df2af8eb42d56 -> 
========================================================================
Received Import Request.
  Time since last request: 181497.649388 seconds.
  path: Assets/Pixel Adventure 1/Assets/Terrain/Terrain (16x16) 1_51.asset
  artifactKey: Guid(10d6246358c52d848b4f164640944c7b) Importer(815301076,1909f56bfc062723c751e8b465ee728b)
Start importing Assets/Pixel Adventure 1/Assets/Terrain/Terrain (16x16) 1_51.asset using Guid(10d6246358c52d848b4f164640944c7b) Importer(815301076,1909f56bfc062723c751e8b465ee728b)  -> (artifact id: 'cec48f44f355ac838c268658c100a5fa') in 0.116596 seconds
Number of updated asset objects reloaded before import = 0
Number of asset objects unloaded after import = 3
========================================================================
Received Import Request.
  Time since last request: 0.188562 seconds.
  path: Assets/Pixel Adventure 1/Assets/Terrain/Terrain (16x16) 1_63.asset
  artifactKey: Guid(0930793f7b7fa254a9af013d8afbed65) Importer(815301076,1909f56bfc062723c751e8b465ee728b)
Start importing Assets/Pixel Adventure 1/Assets/Terrain/Terrain (16x16) 1_63.asset using Guid(0930793f7b7fa254a9af013d8afbed65) Importer(815301076,1909f56bfc062723c751e8b465ee728b)  -> (artifact id: 'cedbc8fac901b4aeb70fe7024d38e998') in 0.014065 seconds
Number of updated asset objects reloaded before import = 0
Number of asset objects unloaded after import = 3
========================================================================
Received Import Request.
  Time since last request: 0.000021 seconds.
  path: Assets/Pixel Adventure 1/Assets/Terrain/Terrain (16x16) 1_66.asset
  artifactKey: Guid(01da53e270fb47e42882c83ba250862b) Importer(815301076,1909f56bfc062723c751e8b465ee728b)
Start importing Assets/Pixel Adventure 1/Assets/Terrain/Terrain (16x16) 1_66.asset using Guid(01da53e270fb47e42882c83ba250862b) Importer(815301076,1909f56bfc062723c751e8b465ee728b)  -> (artifact id: '50a633f8f84088bb4285390ac9b98a47') in 0.009340 seconds
Number of updated asset objects reloaded before import = 0
Number of asset objects unloaded after import = 3
========================================================================
Received Import Request.
  Time since last request: 0.000015 seconds.
  path: Assets/Pixel Adventure 1/Assets/Terrain/Terrain (16x16) 1_67.asset
  artifactKey: Guid(c1a73b0e76d08174197b87910c8bc74f) Importer(815301076,1909f56bfc062723c751e8b465ee728b)
Start importing Assets/Pixel Adventure 1/Assets/Terrain/Terrain (16x16) 1_67.asset using Guid(c1a73b0e76d08174197b87910c8bc74f) Importer(815301076,1909f56bfc062723c751e8b465ee728b)  -> (artifact id: '20efbfb60aa102165e66efa29f23ef70') in 0.009863 seconds
Number of updated asset objects reloaded before import = 0
Number of asset objects unloaded after import = 3
========================================================================
Received Import Request.
  Time since last request: 0.031629 seconds.
  path: Assets/Pixel Adventure 1/Assets/Terrain/Terrain (16x16) 1_75.asset
  artifactKey: Guid(7feedebaf55e0424a882d0024ae89829) Importer(815301076,1909f56bfc062723c751e8b465ee728b)
Start importing Assets/Pixel Adventure 1/Assets/Terrain/Terrain (16x16) 1_75.asset using Guid(7feedebaf55e0424a882d0024ae89829) Importer(815301076,1909f56bfc062723c751e8b465ee728b)  -> (artifact id: '54d88317787e1af35ef18c322021a8f2') in 0.014180 seconds
Number of updated asset objects reloaded before import = 0
Number of asset objects unloaded after import = 3
========================================================================
Received Import Request.
  Time since last request: 0.000019 seconds.
  path: Assets/Pixel Adventure 1/Assets/Terrain/Terrain (16x16) 1_80.asset
  artifactKey: Guid(cfce9944e9bb0a645aae1a568a1e9ad0) Importer(815301076,1909f56bfc062723c751e8b465ee728b)
Start importing Assets/Pixel Adventure 1/Assets/Terrain/Terrain (16x16) 1_80.asset using Guid(cfce9944e9bb0a645aae1a568a1e9ad0) Importer(815301076,1909f56bfc062723c751e8b465ee728b)  -> (artifact id: 'ff66b4609ce42da5c2ec99671aa6f1b7') in 0.012368 seconds
Number of updated asset objects reloaded before import = 0
Number of asset objects unloaded after import = 3
========================================================================
Received Import Request.
  Time since last request: 0.000022 seconds.
  path: Assets/Pixel Adventure 1/Assets/Terrain/Terrain (16x16) 1_77.asset
  artifactKey: Guid(320fa88cb26fd394380c66f51ee45f9f) Importer(815301076,1909f56bfc062723c751e8b465ee728b)
Start importing Assets/Pixel Adventure 1/Assets/Terrain/Terrain (16x16) 1_77.asset using Guid(320fa88cb26fd394380c66f51ee45f9f) Importer(815301076,1909f56bfc062723c751e8b465ee728b)  -> (artifact id: '11e5082f987e11341e2b22733e704ea8') in 0.013093 seconds
Number of updated asset objects reloaded before import = 0
Number of asset objects unloaded after import = 3
========================================================================
Received Import Request.
  Time since last request: 0.120471 seconds.
  path: Assets/Pixel Adventure 1/Assets/Terrain/Terrain (16x16) 1_87.asset
  artifactKey: Guid(3f30cf47c6c97bc41964dc2d633ee9dd) Importer(815301076,1909f56bfc062723c751e8b465ee728b)
Start importing Assets/Pixel Adventure 1/Assets/Terrain/Terrain (16x16) 1_87.asset using Guid(3f30cf47c6c97bc41964dc2d633ee9dd) Importer(815301076,1909f56bfc062723c751e8b465ee728b)  -> (artifact id: '0baa9e9adcf6cdc3288a02a279565a39') in 0.007990 seconds
Number of updated asset objects reloaded before import = 0
Number of asset objects unloaded after import = 3
========================================================================
Received Import Request.
  Time since last request: 0.000014 seconds.
  path: Assets/Pixel Adventure 1/Assets/Terrain/Terrain (16x16) 1_92.asset
  artifactKey: Guid(78246d3bd9c0f634a87562896696a033) Importer(815301076,1909f56bfc062723c751e8b465ee728b)
Start importing Assets/Pixel Adventure 1/Assets/Terrain/Terrain (16x16) 1_92.asset using Guid(78246d3bd9c0f634a87562896696a033) Importer(815301076,1909f56bfc062723c751e8b465ee728b)  -> (artifact id: '8d340d946a10e6c0dc7dae11e3e58adc') in 0.009660 seconds
Number of updated asset objects reloaded before import = 0
Number of asset objects unloaded after import = 3
========================================================================
Received Import Request.
  Time since last request: 0.000014 seconds.
  path: Assets/Pixel Adventure 1/Assets/Terrain/Terrain (16x16) 1_94.asset
  artifactKey: Guid(0fe6a52207a83b64eb67e3f7a6e0a408) Importer(815301076,1909f56bfc062723c751e8b465ee728b)
Start importing Assets/Pixel Adventure 1/Assets/Terrain/Terrain (16x16) 1_94.asset using Guid(0fe6a52207a83b64eb67e3f7a6e0a408) Importer(815301076,1909f56bfc062723c751e8b465ee728b)  -> (artifact id: '6b9e61edfd88e4bfab0184644bac8c4a') in 0.008592 seconds
Number of updated asset objects reloaded before import = 0
Number of asset objects unloaded after import = 3
========================================================================
Received Import Request.
  Time since last request: 0.040984 seconds.
  path: Assets/Pixel Adventure 1/Assets/Terrain/Terrain (16x16) 1_99.asset
  artifactKey: Guid(935b34ffb6f0f5346a2a2c7cb04ac56f) Importer(815301076,1909f56bfc062723c751e8b465ee728b)
Start importing Assets/Pixel Adventure 1/Assets/Terrain/Terrain (16x16) 1_99.asset using Guid(935b34ffb6f0f5346a2a2c7cb04ac56f) Importer(815301076,1909f56bfc062723c751e8b465ee728b)  -> (artifact id: 'e00429a4d2d09a98d6078d88fd410eb5') in 0.007314 seconds
Number of updated asset objects reloaded before import = 0
Number of asset objects unloaded after import = 3
========================================================================
Received Import Request.
  Time since last request: 0.000017 seconds.
  path: Assets/Pixel Adventure 1/Assets/Terrain/Terrain (16x16) 1_103.asset
  artifactKey: Guid(8ceaaadf17c42d646972635b495980f7) Importer(815301076,1909f56bfc062723c751e8b465ee728b)
Start importing Assets/Pixel Adventure 1/Assets/Terrain/Terrain (16x16) 1_103.asset using Guid(8ceaaadf17c42d646972635b495980f7) Importer(815301076,1909f56bfc062723c751e8b465ee728b)  -> (artifact id: '3e9044269fb13ff35cf338903fadb96d') in 0.009056 seconds
Number of updated asset objects reloaded before import = 0
Number of asset objects unloaded after import = 3
========================================================================
Received Import Request.
  Time since last request: 0.000019 seconds.
  path: Assets/Pixel Adventure 1/Assets/Terrain/Terrain (16x16) 1_106.asset
  artifactKey: Guid(43cd9f94bcdc28c49bf9bf722ef2a870) Importer(815301076,1909f56bfc062723c751e8b465ee728b)
Start importing Assets/Pixel Adventure 1/Assets/Terrain/Terrain (16x16) 1_106.asset using Guid(43cd9f94bcdc28c49bf9bf722ef2a870) Importer(815301076,1909f56bfc062723c751e8b465ee728b)  -> (artifact id: 'd215d6effa5110eb80d2f5fa71dffbd7') in 0.009032 seconds
Number of updated asset objects reloaded before import = 0
Number of asset objects unloaded after import = 3
========================================================================
Received Import Request.
  Time since last request: 0.475780 seconds.
  path: Assets/Pixel Adventure 1/Assets/Terrain/Terrain (16x16) 1_111.asset
  artifactKey: Guid(daa4e34ac7af22a44ab1252e4066f14d) Importer(815301076,1909f56bfc062723c751e8b465ee728b)
Start importing Assets/Pixel Adventure 1/Assets/Terrain/Terrain (16x16) 1_111.asset using Guid(daa4e34ac7af22a44ab1252e4066f14d) Importer(815301076,1909f56bfc062723c751e8b465ee728b)  -> (artifact id: '675ad733b18efe8610564b8f05e17737') in 0.041405 seconds
Number of updated asset objects reloaded before import = 0
Number of asset objects unloaded after import = 3
========================================================================
Received Import Request.
  Time since last request: 0.000014 seconds.
  path: Assets/Pixel Adventure 1/Assets/Terrain/Terrain (16x16) 1_126.asset
  artifactKey: Guid(8d87c9223562c1b459ae0fad5986a8ba) Importer(815301076,1909f56bfc062723c751e8b465ee728b)
Start importing Assets/Pixel Adventure 1/Assets/Terrain/Terrain (16x16) 1_126.asset using Guid(8d87c9223562c1b459ae0fad5986a8ba) Importer(815301076,1909f56bfc062723c751e8b465ee728b)  -> (artifact id: '16c4c13cab7a4205fedc047dbdbaadd4') in 0.012807 seconds
Number of updated asset objects reloaded before import = 0
Number of asset objects unloaded after import = 3
========================================================================
Received Import Request.
  Time since last request: 0.000016 seconds.
  path: Assets/Pixel Adventure 1/Assets/Terrain/Terrain (16x16) 1_139.asset
  artifactKey: Guid(92f073ee57963a448bb42c9b17fa4dea) Importer(815301076,1909f56bfc062723c751e8b465ee728b)
Start importing Assets/Pixel Adventure 1/Assets/Terrain/Terrain (16x16) 1_139.asset using Guid(92f073ee57963a448bb42c9b17fa4dea) Importer(815301076,1909f56bfc062723c751e8b465ee728b)  -> (artifact id: '889a582c4fd5034b801b49581bfdc2d0') in 0.010898 seconds
Number of updated asset objects reloaded before import = 0
Number of asset objects unloaded after import = 3
========================================================================
Received Import Request.
  Time since last request: 0.000016 seconds.
  path: Assets/Pixel Adventure 1/Assets/Terrain/Terrain (16x16) 1_135.asset
  artifactKey: Guid(09a07041f5c4c334499abe37ebd08188) Importer(815301076,1909f56bfc062723c751e8b465ee728b)
Start importing Assets/Pixel Adventure 1/Assets/Terrain/Terrain (16x16) 1_135.asset using Guid(09a07041f5c4c334499abe37ebd08188) Importer(815301076,1909f56bfc062723c751e8b465ee728b)  -> (artifact id: '4ae66c649ccea05cafaeb7be24eed3c0') in 0.027244 seconds
Number of updated asset objects reloaded before import = 0
Number of asset objects unloaded after import = 3
========================================================================
Received Import Request.
  Time since last request: 0.000018 seconds.
  path: Assets/Pixel Adventure 1/Assets/Terrain/Terrain (16x16) 1_137.asset
  artifactKey: Guid(b5a6884b515ce1741a84975293eda28a) Importer(815301076,1909f56bfc062723c751e8b465ee728b)
Start importing Assets/Pixel Adventure 1/Assets/Terrain/Terrain (16x16) 1_137.asset using Guid(b5a6884b515ce1741a84975293eda28a) Importer(815301076,1909f56bfc062723c751e8b465ee728b)  -> (artifact id: '7c23f0fc5d4d1824ce10bc41d42df9de') in 0.013792 seconds
Number of updated asset objects reloaded before import = 0
Number of asset objects unloaded after import = 3
========================================================================
Received Import Request.
  Time since last request: 0.000325 seconds.
  path: Assets/Pixel Adventure 1/Assets/Terrain/Terrain (16x16) 1_128.asset
  artifactKey: Guid(30af2ba9db68cb24ca18f769b8c64d7d) Importer(815301076,1909f56bfc062723c751e8b465ee728b)
Start importing Assets/Pixel Adventure 1/Assets/Terrain/Terrain (16x16) 1_128.asset using Guid(30af2ba9db68cb24ca18f769b8c64d7d) Importer(815301076,1909f56bfc062723c751e8b465ee728b)  -> (artifact id: '2282d8a2cd4b0a908b42640ae4d94ed2') in 0.015178 seconds
Number of updated asset objects reloaded before import = 0
Number of asset objects unloaded after import = 3
========================================================================
Received Import Request.
  Time since last request: 0.000016 seconds.
  path: Assets/Pixel Adventure 1/Assets/Terrain/Terrain (16x16) 1_118.asset
  artifactKey: Guid(73c265974ca1e0e4491978e6c1ca3158) Importer(815301076,1909f56bfc062723c751e8b465ee728b)
Start importing Assets/Pixel Adventure 1/Assets/Terrain/Terrain (16x16) 1_118.asset using Guid(73c265974ca1e0e4491978e6c1ca3158) Importer(815301076,1909f56bfc062723c751e8b465ee728b)  -> (artifact id: 'e741eaa14ef1245c7f98bfd3b810ceac') in 0.015211 seconds
Number of updated asset objects reloaded before import = 0
Number of asset objects unloaded after import = 3
========================================================================
Received Import Request.
  Time since last request: 0.000024 seconds.
  path: Assets/Pixel Adventure 1/Assets/Terrain/Terrain (16x16) 1_123.asset
  artifactKey: Guid(4d3234f6eb908c3449927604b8d9a9de) Importer(815301076,1909f56bfc062723c751e8b465ee728b)
Start importing Assets/Pixel Adventure 1/Assets/Terrain/Terrain (16x16) 1_123.asset using Guid(4d3234f6eb908c3449927604b8d9a9de) Importer(815301076,1909f56bfc062723c751e8b465ee728b)  -> (artifact id: '7bb1a87f89df24fe668328abc81a7262') in 0.016516 seconds
Number of updated asset objects reloaded before import = 0
Number of asset objects unloaded after import = 3
========================================================================
Received Import Request.
  Time since last request: 0.000034 seconds.
  path: Assets/Pixel Adventure 1/Assets/Terrain/Terrain (16x16) 1_121.asset
  artifactKey: Guid(b2faf656b5f35c24ea05a1b39ae080ad) Importer(815301076,1909f56bfc062723c751e8b465ee728b)
Start importing Assets/Pixel Adventure 1/Assets/Terrain/Terrain (16x16) 1_121.asset using Guid(b2faf656b5f35c24ea05a1b39ae080ad) Importer(815301076,1909f56bfc062723c751e8b465ee728b)  -> (artifact id: 'fdc88a4142cda2e704877d38b8f44303') in 0.013730 seconds
Number of updated asset objects reloaded before import = 0
Number of asset objects unloaded after import = 3
Editor requested this worker to shutdown with reason: Scaling down because of idle timeout
TcpMessagingSession - receive error: operation aborted. errorcode: 995, details: The I/O operation has been aborted because of either a thread exit or an application request.
AssetImportWorker is now disconnected from the server
Process exiting
Exiting without the bug reporter. Application will terminate with return code 0